<?xml version="1.0" encoding="UTF-8"?>
<testsuite xmlns:xsi="http://www.w3.org/2001/XMLSchema-instance" xsi:noNamespaceSchemaLocation="https://maven.apache.org/surefire/maven-surefire-plugin/xsd/surefire-test-report.xsd" name="TestSuite" time="12.275" tests="8" errors="0" skipped="6" failures="2">
  <properties>
[...]
</properties>
  <testcase name="Initialize" classname="Execution.TestCases" time="7.669">
    <failure message="session not created: This version of ChromeDriver only supports Chrome version 85&#10;Build info: version: &apos;3.141.59&apos;, revision: &apos;e82be7d358&apos;, time: &apos;2018-11-14T08:17:03&apos;&#10;System info: host: &apos;PIS076&apos;, ip: &apos;192.168.20.24&apos;, os.name: &apos;Windows 10&apos;, os.arch: &apos;amd64&apos;, os.version: &apos;10.0&apos;, java.version: &apos;1.8.0_251&apos;&#10;Driver info: driver.version: AppDriver&#10;remote stacktrace: Backtrace:&#10;	Ordinal0 [0x0106D383+3134339]&#10;	Ordinal0 [0x00F5A171+2007409]&#10;	Ordinal0 [0x00DFAEE8+569064]&#10;	Ordinal0 [0x00D8139F+70559]&#10;	Ordinal0 [0x00D7CC63+52323]&#10;	Ordinal0 [0x00DA0DFC+200188]&#10;	Ordinal0 [0x00DA0C1D+199709]&#10;	Ordinal0 [0x00D9EB0B+191243]&#10;	Ordinal0 [0x00D82E77+77431]&#10;	Ordinal0 [0x00D83E3E+81470]&#10;	Ordinal0 [0x00D83DC9+81353]&#10;	Ordinal0 [0x00F70CD9+2100441]&#10;	GetHandleVerifier [0x011DB75A+1396954]&#10;	GetHandleVerifier [0x011DB3D9+1396057]&#10;	GetHandleVerifier [0x011E7126+1444518]&#10;	GetHandleVerifier [0x011DBCE8+1398376]&#10;	Ordinal0 [0x00F67F51+2064209]&#10;	Ordinal0 [0x00F722EB+2106091]&#10;	Ordinal0 [0x00F72411+2106385]&#10;	Ordinal0 [0x00F849C4+2181572]&#10;	BaseThreadInitThunk [0x74D36359+25]&#10;	RtlGetAppContainerNamedObjectPath [0x773F8944+228]&#10;	RtlGetAppContainerNamedObjectPath [0x773F8914+180]&#10;" type="org.openqa.selenium.SessionNotCreatedException">org.openqa.selenium.SessionNotCreatedException: 
session not created: This version of ChromeDriver only supports Chrome version 85
Build info: version: '3.141.59', revision: 'e82be7d358', time: '2018-11-14T08:17:03'
System info: host: 'PIS076', ip: '192.168.20.24', os.name: 'Windows 10', os.arch: 'amd64', os.version: '10.0', java.version: '1.8.0_251'
Driver info: driver.version: AppDriver
remote stacktrace: Backtrace:
	Ordinal0 [0x0106D383+3134339]
	Ordinal0 [0x00F5A171+2007409]
	Ordinal0 [0x00DFAEE8+569064]
	Ordinal0 [0x00D8139F+70559]
	Ordinal0 [0x00D7CC63+52323]
	Ordinal0 [0x00DA0DFC+200188]
	Ordinal0 [0x00DA0C1D+199709]
	Ordinal0 [0x00D9EB0B+191243]
	Ordinal0 [0x00D82E77+77431]
	Ordinal0 [0x00D83E3E+81470]
	Ordinal0 [0x00D83DC9+81353]
	Ordinal0 [0x00F70CD9+2100441]
	GetHandleVerifier [0x011DB75A+1396954]
	GetHandleVerifier [0x011DB3D9+1396057]
	GetHandleVerifier [0x011E7126+1444518]
	GetHandleVerifier [0x011DBCE8+1398376]
	Ordinal0 [0x00F67F51+2064209]
	Ordinal0 [0x00F722EB+2106091]
	Ordinal0 [0x00F72411+2106385]
	Ordinal0 [0x00F849C4+2181572]
	BaseThreadInitThunk [0x74D36359+25]
	RtlGetAppContainerNamedObjectPath [0x773F8944+228]
	RtlGetAppContainerNamedObjectPath [0x773F8914+180]

</failure>
    <system-out><![CDATA[Test have started successfull Test
]]></system-out>
    <system-err><![CDATA[Dec 27, 2020 9:01:30 PM org.openqa.selenium.remote.DesiredCapabilities chrome
INFO: Using `new ChromeOptions()` is preferred to `DesiredCapabilities.chrome()`
ChromeDriver was started successfully.
]]></system-err>
  </testcase>
  <testcase name="Initialize" classname="Execution.TestCases" time="11.405">
    <failure message="session not created: This version of ChromeDriver only supports Chrome version 85&#10;Build info: version: &apos;3.141.59&apos;, revision: &apos;e82be7d358&apos;, time: &apos;2018-11-14T08:17:03&apos;&#10;System info: host: &apos;PIS076&apos;, ip: &apos;192.168.20.24&apos;, os.name: &apos;Windows 10&apos;, os.arch: &apos;amd64&apos;, os.version: &apos;10.0&apos;, java.version: &apos;1.8.0_251&apos;&#10;Driver info: driver.version: AppDriver&#10;remote stacktrace: Backtrace:&#10;	Ordinal0 [0x0106D383+3134339]&#10;	Ordinal0 [0x00F5A171+2007409]&#10;	Ordinal0 [0x00DFAEE8+569064]&#10;	Ordinal0 [0x00D8139F+70559]&#10;	Ordinal0 [0x00D7CC63+52323]&#10;	Ordinal0 [0x00DA0DFC+200188]&#10;	Ordinal0 [0x00DA0C1D+199709]&#10;	Ordinal0 [0x00D9EB0B+191243]&#10;	Ordinal0 [0x00D82E77+77431]&#10;	Ordinal0 [0x00D83E3E+81470]&#10;	Ordinal0 [0x00D83DC9+81353]&#10;	Ordinal0 [0x00F70CD9+2100441]&#10;	GetHandleVerifier [0x011DB75A+1396954]&#10;	GetHandleVerifier [0x011DB3D9+1396057]&#10;	GetHandleVerifier [0x011E7126+1444518]&#10;	GetHandleVerifier [0x011DBCE8+1398376]&#10;	Ordinal0 [0x00F67F51+2064209]&#10;	Ordinal0 [0x00F722EB+2106091]&#10;	Ordinal0 [0x00F72411+2106385]&#10;	Ordinal0 [0x00F849C4+2181572]&#10;	BaseThreadInitThunk [0x74D36359+25]&#10;	RtlGetAppContainerNamedObjectPath [0x773F8944+228]&#10;	RtlGetAppContainerNamedObjectPath [0x773F8914+180]&#10;" type="org.openqa.selenium.SessionNotCreatedException">org.openqa.selenium.SessionNotCreatedException: 
session not created: This version of ChromeDriver only supports Chrome version 85
Build info: version: '3.141.59', revision: 'e82be7d358', time: '2018-11-14T08:17:03'
System info: host: 'PIS076', ip: '192.168.20.24', os.name: 'Windows 10', os.arch: 'amd64', os.version: '10.0', java.version: '1.8.0_251'
Driver info: driver.version: AppDriver
remote stacktrace: Backtrace:
	Ordinal0 [0x0106D383+3134339]
	Ordinal0 [0x00F5A171+2007409]
	Ordinal0 [0x00DFAEE8+569064]
	Ordinal0 [0x00D8139F+70559]
	Ordinal0 [0x00D7CC63+52323]
	Ordinal0 [0x00DA0DFC+200188]
	Ordinal0 [0x00DA0C1D+199709]
	Ordinal0 [0x00D9EB0B+191243]
	Ordinal0 [0x00D82E77+77431]
	Ordinal0 [0x00D83E3E+81470]
	Ordinal0 [0x00D83DC9+81353]
	Ordinal0 [0x00F70CD9+2100441]
	GetHandleVerifier [0x011DB75A+1396954]
	GetHandleVerifier [0x011DB3D9+1396057]
	GetHandleVerifier [0x011E7126+1444518]
	GetHandleVerifier [0x011DBCE8+1398376]
	Ordinal0 [0x00F67F51+2064209]
	Ordinal0 [0x00F722EB+2106091]
	Ordinal0 [0x00F72411+2106385]
	Ordinal0 [0x00F849C4+2181572]
	BaseThreadInitThunk [0x74D36359+25]
	RtlGetAppContainerNamedObjectPath [0x773F8944+228]
	RtlGetAppContainerNamedObjectPath [0x773F8914+180]

</failure>
    <system-out><![CDATA[Test have been finished successfull Test
Test have started successfull Tesprateek
]]></system-out>
    <system-err><![CDATA[Dec 27, 2020 9:01:37 PM org.openqa.selenium.remote.DesiredCapabilities chrome
INFO: Using `new ChromeOptions()` is preferred to `DesiredCapabilities.chrome()`
ChromeDriver was started successfully.
]]></system-err>
  </testcase>
  <testcase name="verifylinks" classname="Execution.TestCases" time="0">
    <skipped message="session not created: This version of ChromeDriver only supports Chrome version 85&#10;Build info: version: &apos;3.141.59&apos;, revision: &apos;e82be7d358&apos;, time: &apos;2018-11-14T08:17:03&apos;&#10;System info: host: &apos;PIS076&apos;, ip: &apos;192.168.20.24&apos;, os.name: &apos;Windows 10&apos;, os.arch: &apos;amd64&apos;, os.version: &apos;10.0&apos;, java.version: &apos;1.8.0_251&apos;&#10;Driver info: driver.version: AppDriver&#10;remote stacktrace: Backtrace:&#10;	Ordinal0 [0x0106D383+3134339]&#10;	Ordinal0 [0x00F5A171+2007409]&#10;	Ordinal0 [0x00DFAEE8+569064]&#10;	Ordinal0 [0x00D8139F+70559]&#10;	Ordinal0 [0x00D7CC63+52323]&#10;	Ordinal0 [0x00DA0DFC+200188]&#10;	Ordinal0 [0x00DA0C1D+199709]&#10;	Ordinal0 [0x00D9EB0B+191243]&#10;	Ordinal0 [0x00D82E77+77431]&#10;	Ordinal0 [0x00D83E3E+81470]&#10;	Ordinal0 [0x00D83DC9+81353]&#10;	Ordinal0 [0x00F70CD9+2100441]&#10;	GetHandleVerifier [0x011DB75A+1396954]&#10;	GetHandleVerifier [0x011DB3D9+1396057]&#10;	GetHandleVerifier [0x011E7126+1444518]&#10;	GetHandleVerifier [0x011DBCE8+1398376]&#10;	Ordinal0 [0x00F67F51+2064209]&#10;	Ordinal0 [0x00F722EB+2106091]&#10;	Ordinal0 [0x00F72411+2106385]&#10;	Ordinal0 [0x00F849C4+2181572]&#10;	BaseThreadInitThunk [0x74D36359+25]&#10;	RtlGetAppContainerNamedObjectPath [0x773F8944+228]&#10;	RtlGetAppContainerNamedObjectPath [0x773F8914+180]&#10;"/>
    <system-out><![CDATA[Test was skipped null
]]></system-out>
  </testcase>
  <testcase name="verifylinks" classname="Execution.TestCases" time="0">
    <skipped message="session not created: This version of ChromeDriver only supports Chrome version 85&#10;Build info: version: &apos;3.141.59&apos;, revision: &apos;e82be7d358&apos;, time: &apos;2018-11-14T08:17:03&apos;&#10;System info: host: &apos;PIS076&apos;, ip: &apos;192.168.20.24&apos;, os.name: &apos;Windows 10&apos;, os.arch: &apos;amd64&apos;, os.version: &apos;10.0&apos;, java.version: &apos;1.8.0_251&apos;&#10;Driver info: driver.version: AppDriver&#10;remote stacktrace: Backtrace:&#10;	Ordinal0 [0x0106D383+3134339]&#10;	Ordinal0 [0x00F5A171+2007409]&#10;	Ordinal0 [0x00DFAEE8+569064]&#10;	Ordinal0 [0x00D8139F+70559]&#10;	Ordinal0 [0x00D7CC63+52323]&#10;	Ordinal0 [0x00DA0DFC+200188]&#10;	Ordinal0 [0x00DA0C1D+199709]&#10;	Ordinal0 [0x00D9EB0B+191243]&#10;	Ordinal0 [0x00D82E77+77431]&#10;	Ordinal0 [0x00D83E3E+81470]&#10;	Ordinal0 [0x00D83DC9+81353]&#10;	Ordinal0 [0x00F70CD9+2100441]&#10;	GetHandleVerifier [0x011DB75A+1396954]&#10;	GetHandleVerifier [0x011DB3D9+1396057]&#10;	GetHandleVerifier [0x011E7126+1444518]&#10;	GetHandleVerifier [0x011DBCE8+1398376]&#10;	Ordinal0 [0x00F67F51+2064209]&#10;	Ordinal0 [0x00F722EB+2106091]&#10;	Ordinal0 [0x00F72411+2106385]&#10;	Ordinal0 [0x00F849C4+2181572]&#10;	BaseThreadInitThunk [0x74D36359+25]&#10;	RtlGetAppContainerNamedObjectPath [0x773F8944+228]&#10;	RtlGetAppContainerNamedObjectPath [0x773F8914+180]&#10;"/>
    <system-out><![CDATA[Test was skipped null
]]></system-out>
  </testcase>
  <testcase name="verifyContact" classname="Execution.TestCases" time="0">
    <skipped message="session not created: This version of ChromeDriver only supports Chrome version 85&#10;Build info: version: &apos;3.141.59&apos;, revision: &apos;e82be7d358&apos;, time: &apos;2018-11-14T08:17:03&apos;&#10;System info: host: &apos;PIS076&apos;, ip: &apos;192.168.20.24&apos;, os.name: &apos;Windows 10&apos;, os.arch: &apos;amd64&apos;, os.version: &apos;10.0&apos;, java.version: &apos;1.8.0_251&apos;&#10;Driver info: driver.version: AppDriver&#10;remote stacktrace: Backtrace:&#10;	Ordinal0 [0x0106D383+3134339]&#10;	Ordinal0 [0x00F5A171+2007409]&#10;	Ordinal0 [0x00DFAEE8+569064]&#10;	Ordinal0 [0x00D8139F+70559]&#10;	Ordinal0 [0x00D7CC63+52323]&#10;	Ordinal0 [0x00DA0DFC+200188]&#10;	Ordinal0 [0x00DA0C1D+199709]&#10;	Ordinal0 [0x00D9EB0B+191243]&#10;	Ordinal0 [0x00D82E77+77431]&#10;	Ordinal0 [0x00D83E3E+81470]&#10;	Ordinal0 [0x00D83DC9+81353]&#10;	Ordinal0 [0x00F70CD9+2100441]&#10;	GetHandleVerifier [0x011DB75A+1396954]&#10;	GetHandleVerifier [0x011DB3D9+1396057]&#10;	GetHandleVerifier [0x011E7126+1444518]&#10;	GetHandleVerifier [0x011DBCE8+1398376]&#10;	Ordinal0 [0x00F67F51+2064209]&#10;	Ordinal0 [0x00F722EB+2106091]&#10;	Ordinal0 [0x00F72411+2106385]&#10;	Ordinal0 [0x00F849C4+2181572]&#10;	BaseThreadInitThunk [0x74D36359+25]&#10;	RtlGetAppContainerNamedObjectPath [0x773F8944+228]&#10;	RtlGetAppContainerNamedObjectPath [0x773F8914+180]&#10;"/>
    <system-out><![CDATA[Test was skipped null
]]></system-out>
  </testcase>
  <testcase name="verifyContact" classname="Execution.TestCases" time="0">
    <skipped message="session not created: This version of ChromeDriver only supports Chrome version 85&#10;Build info: version: &apos;3.141.59&apos;, revision: &apos;e82be7d358&apos;, time: &apos;2018-11-14T08:17:03&apos;&#10;System info: host: &apos;PIS076&apos;, ip: &apos;192.168.20.24&apos;, os.name: &apos;Windows 10&apos;, os.arch: &apos;amd64&apos;, os.version: &apos;10.0&apos;, java.version: &apos;1.8.0_251&apos;&#10;Driver info: driver.version: AppDriver&#10;remote stacktrace: Backtrace:&#10;	Ordinal0 [0x0106D383+3134339]&#10;	Ordinal0 [0x00F5A171+2007409]&#10;	Ordinal0 [0x00DFAEE8+569064]&#10;	Ordinal0 [0x00D8139F+70559]&#10;	Ordinal0 [0x00D7CC63+52323]&#10;	Ordinal0 [0x00DA0DFC+200188]&#10;	Ordinal0 [0x00DA0C1D+199709]&#10;	Ordinal0 [0x00D9EB0B+191243]&#10;	Ordinal0 [0x00D82E77+77431]&#10;	Ordinal0 [0x00D83E3E+81470]&#10;	Ordinal0 [0x00D83DC9+81353]&#10;	Ordinal0 [0x00F70CD9+2100441]&#10;	GetHandleVerifier [0x011DB75A+1396954]&#10;	GetHandleVerifier [0x011DB3D9+1396057]&#10;	GetHandleVerifier [0x011E7126+1444518]&#10;	GetHandleVerifier [0x011DBCE8+1398376]&#10;	Ordinal0 [0x00F67F51+2064209]&#10;	Ordinal0 [0x00F722EB+2106091]&#10;	Ordinal0 [0x00F72411+2106385]&#10;	Ordinal0 [0x00F849C4+2181572]&#10;	BaseThreadInitThunk [0x74D36359+25]&#10;	RtlGetAppContainerNamedObjectPath [0x773F8944+228]&#10;	RtlGetAppContainerNamedObjectPath [0x773F8914+180]&#10;"/>
    <system-out><![CDATA[Test was skipped null
]]></system-out>
  </testcase>
  <testcase name="close" classname="Execution.TestCases" time="0">
    <skipped/>
  </testcase>
  <testcase name="close" classname="Execution.TestCases" time="0">
    <skipped/>
  </testcase>
</testsuite>