<?xml version="1.0" encoding="UTF-8"?>
<testng-results skipped="0" failed="0" total="2" passed="2">
  <reporter-output>
  </reporter-output>
  <suite name="Default suite" duration-ms="59932" started-at="2020-08-06T21:15:39Z" finished-at="2020-08-06T21:16:39Z">
    <groups>
    </groups>
    <test name="Default test" duration-ms="59932" started-at="2020-08-06T21:15:39Z" finished-at="2020-08-06T21:16:39Z">
      <class name="Execution.TestCases">
        <test-method status="PASS" signature="Initialize()[pri:0, instance:Execution.TestCases@36f6e879]" name="Initialize" is-config="true" duration-ms="11883" started-at="2020-08-07T02:45:39Z" finished-at="2020-08-07T02:45:51Z">
          <reporter-output>
          </reporter-output>
        </test-method> <!-- Initialize -->
        <test-method status="PASS" signature="verifylinks()[pri:0, instance:Execution.TestCases@36f6e879]" name="verifylinks" duration-ms="23595" started-at="2020-08-07T02:45:51Z" finished-at="2020-08-07T02:46:14Z">
          <reporter-output>
          </reporter-output>
        </test-method> <!-- verifylinks -->
        <test-method status="PASS" signature="verifyContact()[pri:1, instance:Execution.TestCases@36f6e879]" name="verifyContact" duration-ms="21290" started-at="2020-08-07T02:46:14Z" finished-at="2020-08-07T02:46:36Z">
          <reporter-output>
          </reporter-output>
        </test-method> <!-- verifyContact -->
        <test-method status="PASS" signature="close()[pri:0, instance:Execution.TestCases@36f6e879]" name="close" is-config="true" duration-ms="3121" started-at="2020-08-07T02:46:36Z" finished-at="2020-08-07T02:46:39Z">
          <reporter-output>
          </reporter-output>
        </test-method> <!-- close -->
      </class> <!-- Execution.TestCases -->
    </test> <!-- Default test -->
  </suite> <!-- Default suite -->
</testng-results>
