<?xml version="1.0" encoding="UTF-8"?>
<testsuite xmlns:xsi="http://www.w3.org/2001/XMLSchema-instance" xsi:noNamespaceSchemaLocation="https://maven.apache.org/surefire/maven-surefire-plugin/xsd/surefire-test-report.xsd" name="TestSuite" time="639.021" tests="12" errors="0" skipped="0" failures="2">
  <properties>
[...]
</properties>
  <testcase name="LoginTest" classname="Exception.Setuptab" time="10.112"/>
  <testcase name="verifyImages" classname="Exception.Setuptab" time="2.397"/>
  <testcase name="setup_warehouse" classname="Exception.Setuptab" time="103.814">
    <failure message="element not interactable&#10;  (Session info: chrome=87.0.4280.88)&#10;Build info: version: &apos;3.141.59&apos;, revision: &apos;e82be7d358&apos;, time: &apos;2018-11-14T08:17:03&apos;&#10;System info: host: &apos;PIS076&apos;, ip: &apos;192.168.20.24&apos;, os.name: &apos;Windows 10&apos;, os.arch: &apos;amd64&apos;, os.version: &apos;10.0&apos;, java.version: &apos;1.8.0_251&apos;&#10;Driver info: org.openqa.selenium.chrome.ChromeDriver&#10;Capabilities {acceptInsecureCerts: false, browserName: chrome, browserVersion: 87.0.4280.88, chrome: {chromedriverVersion: 87.0.4280.88 (89e2380a3e36c..., userDataDir: C:\Users\schandan\AppData\L...}, goog:chromeOptions: {debuggerAddress: localhost:64551}, javascriptEnabled: true, networkConnectionEnabled: false, pageLoadStrategy: normal, platform: WINDOWS, platformName: WINDOWS, proxy: Proxy(), setWindowRect: true, strictFileInteractability: false, timeouts: {implicit: 0, pageLoad: 300000, script: 30000}, unhandledPromptBehavior: dismiss and notify, webauthn:virtualAuthenticators: true}&#10;Session ID: 8363c07dead2e0dcb19f8a833e27154d" type="org.openqa.selenium.ElementNotInteractableException">org.openqa.selenium.ElementNotInteractableException: 
element not interactable
  (Session info: chrome=87.0.4280.88)
Build info: version: '3.141.59', revision: 'e82be7d358', time: '2018-11-14T08:17:03'
System info: host: 'PIS076', ip: '192.168.20.24', os.name: 'Windows 10', os.arch: 'amd64', os.version: '10.0', java.version: '1.8.0_251'
Driver info: org.openqa.selenium.chrome.ChromeDriver
Capabilities {acceptInsecureCerts: false, browserName: chrome, browserVersion: 87.0.4280.88, chrome: {chromedriverVersion: 87.0.4280.88 (89e2380a3e36c..., userDataDir: C:\Users\schandan\AppData\L...}, goog:chromeOptions: {debuggerAddress: localhost:64551}, javascriptEnabled: true, networkConnectionEnabled: false, pageLoadStrategy: normal, platform: WINDOWS, platformName: WINDOWS, proxy: Proxy(), setWindowRect: true, strictFileInteractability: false, timeouts: {implicit: 0, pageLoad: 300000, script: 30000}, unhandledPromptBehavior: dismiss and notify, webauthn:virtualAuthenticators: true}
Session ID: 8363c07dead2e0dcb19f8a833e27154d
	at Exception.Setuptab.setup_warehouse(Setuptab.java:48)
</failure>
    <system-out><![CDATA[Started Test setup_warehouse
Clicked on setup
Clicked on warehouse
Clicked on add button
New warehouse created successfully
Warehouse searched succcessfully
Warehouse copied succcessfully
Warehouse searched succcessfully
Warehouse edited succcessfully
Warehouse searched succcessfully in setting tab
Warehouse deleted succcessfully from setting tab
Test was unsuccessfull because its failed setup_warehouse
]]></system-out>
  </testcase>
  <testcase name="setup_location_bin" classname="Exception.Setuptab" time="69.917"/>
  <testcase name="add_user" classname="Exception.Setuptab" time="89.97"/>
  <testcase name="reason_for_adjust" classname="Exception.Setuptab" time="62.266"/>
  <testcase name="ship_mode" classname="Exception.Setuptab" time="68.905"/>
  <testcase name="setup1" classname="Exception.Setuptab" time="132.588"/>
  <testcase name="out" classname="Exception.Setuptab" time="2.562"/>
  <testcase name="LoginTest" classname="Exception.Testcases" time="7.239"/>
  <testcase name="verifyImages" classname="Exception.Testcases" time="1.758"/>
  <testcase name="SOdetails" classname="Exception.Testcases" time="43.623">
    <failure message="no such window&#10;  (Session info: chrome=87.0.4280.88)&#10;Build info: version: &apos;3.141.59&apos;, revision: &apos;e82be7d358&apos;, time: &apos;2018-11-14T08:17:03&apos;&#10;System info: host: &apos;PIS076&apos;, ip: &apos;192.168.20.24&apos;, os.name: &apos;Windows 10&apos;, os.arch: &apos;amd64&apos;, os.version: &apos;10.0&apos;, java.version: &apos;1.8.0_251&apos;&#10;Driver info: org.openqa.selenium.chrome.ChromeDriver&#10;Capabilities {acceptInsecureCerts: false, browserName: chrome, browserVersion: 87.0.4280.88, chrome: {chromedriverVersion: 87.0.4280.88 (89e2380a3e36c..., userDataDir: C:\Users\schandan\AppData\L...}, goog:chromeOptions: {debuggerAddress: localhost:65168}, javascriptEnabled: true, networkConnectionEnabled: false, pageLoadStrategy: normal, platform: WINDOWS, platformName: WINDOWS, proxy: Proxy(), setWindowRect: true, strictFileInteractability: false, timeouts: {implicit: 0, pageLoad: 300000, script: 30000}, unhandledPromptBehavior: dismiss and notify, webauthn:virtualAuthenticators: true}&#10;Session ID: fa12026ce594497aaa05bfb060111c3c&#10;*** Element info: {Using=xpath, value=//span[@id=&apos;SoDetailGrid_ctl00_ctl02_ctl00_btnPick&apos;]}" type="org.openqa.selenium.NoSuchWindowException">org.openqa.selenium.NoSuchWindowException: 
no such window
  (Session info: chrome=87.0.4280.88)
Build info: version: '3.141.59', revision: 'e82be7d358', time: '2018-11-14T08:17:03'
System info: host: 'PIS076', ip: '192.168.20.24', os.name: 'Windows 10', os.arch: 'amd64', os.version: '10.0', java.version: '1.8.0_251'
Driver info: org.openqa.selenium.chrome.ChromeDriver
Capabilities {acceptInsecureCerts: false, browserName: chrome, browserVersion: 87.0.4280.88, chrome: {chromedriverVersion: 87.0.4280.88 (89e2380a3e36c..., userDataDir: C:\Users\schandan\AppData\L...}, goog:chromeOptions: {debuggerAddress: localhost:65168}, javascriptEnabled: true, networkConnectionEnabled: false, pageLoadStrategy: normal, platform: WINDOWS, platformName: WINDOWS, proxy: Proxy(), setWindowRect: true, strictFileInteractability: false, timeouts: {implicit: 0, pageLoad: 300000, script: 30000}, unhandledPromptBehavior: dismiss and notify, webauthn:virtualAuthenticators: true}
Session ID: fa12026ce594497aaa05bfb060111c3c
*** Element info: {Using=xpath, value=//span[@id='SoDetailGrid_ctl00_ctl02_ctl00_btnPick']}
	at Exception.Testcases.SOdetails(Testcases.java:161)
</failure>
    <system-out><![CDATA[Started Test SOdetails
SO row has been selected
Detail SO has been clicked
Item has been Selected
Item Quantity has been Entered
item has been released successfully
Test was unsuccessfull because its failed SOdetails
]]></system-out>
  </testcase>
</testsuite>